<?xml version="1.0" encoding="UTF-8"?>
<!-- Generated by org.testng.reporters.JUnitXMLReporter -->
<testsuite hostname="NPALYAM-LTP" name="Testing3" tests="1" failures="0" timestamp="15 Feb 2022 09:45:03 GMT" time="0.015" errors="0">
  <testcase name="@BeforeSuite beforeSuite" time="0.0" classname="com.securends.Testrunner.TestRunner">
    <failure type="org.testng.TestNGException" message="
Parameter &amp;apos;environment&amp;apos; is required by @Configuration on method beforeSuite but has not been marked @Optional or defined
in D:\SecurendsBDD\securends-cucumber-automation\testng.xml">
      <![CDATA[org.testng.TestNGException: 
Parameter 'environment' is required by @Configuration on method beforeSuite but has not been marked @Optional or defined
in D:\SecurendsBDD\securends-cucumber-automation\testng.xml
... Removed 15 stack frames]]>
    </failure>
  </testcase> <!-- @BeforeSuite beforeSuite -->
  <testcase name="@BeforeTest testParam" time="0.0" classname="com.securends.Testrunner.TestRunner">
    <skipped/>
  </testcase> <!-- @BeforeTest testParam -->
  <testcase name="runScenario" time="0.0" classname="com.securends.Testrunner.TestRunner">
    <skipped/>
  </testcase> <!-- runScenario -->
</testsuite> <!-- Testing3 -->
