<?xml version="1.0" encoding="UTF-8"?>
<!-- Generated by org.testng.reporters.JUnitXMLReporter -->
<testsuite hostname="NPALYAM-LTP" name="Testing chrome" tests="1" failures="0" timestamp="15 Feb 2022 09:55:29 GMT" time="0.617" errors="0">
  <testcase name="@BeforeMethod testParam" time="0.0" classname="com.securends.Testrunner.TestRunner">
    <skipped/>
  </testcase> <!-- @BeforeMethod testParam -->
  <testcase name="runScenario" time="0.0" classname="com.securends.Testrunner.TestRunner">
    <skipped/>
  </testcase> <!-- runScenario -->
</testsuite> <!-- Testing chrome -->
