<?xml version="1.0" encoding="UTF-8"?>
<!-- Generated by org.testng.reporters.JUnitXMLReporter -->
<testsuite hostname="NPALYAM-LTP" name="Testing1" tests="1" failures="1" timestamp="15 Feb 2022 11:10:17 GMT" time="21.588" errors="0">
  <testcase name="runScenario" time="20.889" classname="com.securends.Testrunner.TestRunner">
    <failure type="java.lang.AssertionError" message="Unable to get the instance of the Webdriver expected [false] but found [true]">
      <![CDATA[java.lang.AssertionError: Unable to get the instance of the Webdriver expected [false] but found [true]
	at com.securends.panels.Login.LaunchUrL(Login.java:26)
	at com.securends.Stepdefinition.LoginSteps.navigate(LoginSteps.java:29)
	at ✽.I open Securends Application "url"(file:///D:/SecurendsBDD/securends-cucumber-automation/src/test/resources/Features/Login.feature:7)
... Removed 3 stack frames]]>
    </failure>
  </testcase> <!-- runScenario -->
</testsuite> <!-- Testing1 -->
