<?xml version="1.0" encoding="UTF-8"?>
<!-- Generated by org.testng.reporters.JUnitXMLReporter -->
<testsuite hostname="NPALYAM-LTP" name="EdgeTest" tests="1" failures="0" timestamp="16 Feb 2022 10:50:09 GMT" time="0.009" errors="0">
  <testcase name="@BeforeTest setup" time="0.0" classname="com.securends.Testrunner.CrossBrowserScript">
    <failure type="java.lang.IllegalStateException" message="The driver executable must exist: D:\SecurendsBDD\securends-cucumber-automation\Drivers\MicrosoftWebDriver.exe">
      <![CDATA[java.lang.IllegalStateException: The driver executable must exist: D:\SecurendsBDD\securends-cucumber-automation\Drivers\MicrosoftWebDriver.exe
	at org.openqa.selenium.internal.Require$FileStateChecker.isFile(Require.java:315)
	at org.openqa.selenium.remote.service.DriverService.checkExecutable(DriverService.java:147)
	at org.openqa.selenium.remote.service.DriverService.findExecutable(DriverService.java:142)
	at org.openqa.selenium.edge.EdgeDriverService.access$000(EdgeDriverService.java:40)
	at org.openqa.selenium.edge.EdgeDriverService$Builder.findDefaultExecutable(EdgeDriverService.java:171)
	at org.openqa.selenium.remote.service.DriverService$Builder.build(DriverService.java:437)
	at org.openqa.selenium.edge.EdgeDriver.<init>(EdgeDriver.java:41)
	at org.openqa.selenium.edge.EdgeDriver.<init>(EdgeDriver.java:38)
	at com.securends.Testrunner.CrossBrowserScript.setup(CrossBrowserScript.java:44)
	at java.util.concurrent.FutureTask.run(Unknown Source)
	at java.util.concurrent.ThreadPoolExecutor.runWorker(Unknown Source)
	at java.util.concurrent.ThreadPoolExecutor$Worker.run(Unknown Source)
	at java.lang.Thread.run(Unknown Source)
... Removed 14 stack frames]]>
    </failure>
  </testcase> <!-- @BeforeTest setup -->
  <testcase name="testParameterWithXML" time="0.0" classname="com.securends.Testrunner.CrossBrowserScript">
    <skipped/>
  </testcase> <!-- testParameterWithXML -->
</testsuite> <!-- EdgeTest -->
